warning; file ; line ; column ; unable to open list file "ldc_byte.rlf": No such file or directory
warning; file ; line ; column ; unable to open list file "powerup.rlf": No such file or directory
warning; file ; line ; column ; unable to open list file "strlen.rlf": No such file or directory
warning; file ; line ; column ; unable to open list file "str_cops.rlf": No such file or directory
warning; file ; line ; column ; unable to open list file "div.rlf": No such file or directory
warning; file ; line ; column ; unable to open list file "ldc_byte.rlf": No such file or directory
warning; file ; line ; column ; unable to open list file "powerup.rlf": No such file or directory
warning; file ; line ; column ; unable to open list file "strlen.rlf": No such file or directory
warning; file ; line ; column ; unable to open list file "str_cops.rlf": No such file or directory
warning; file ; line ; column ; unable to open list file "div.rlf": No such file or directory

Memory Usage Map:

Program space:
    CODE                 used   39Ch (   924) of  1000h bytes   ( 22.6%)

Internal Data:
    BITSEG               used     0h (     0) of    10h bits    (  0.0%)
    DATA                 used    1Eh (    30) of    60h bytes   ( 31.3%)

External Data:

Summary:
    Program space        used   39Ch (   924) of  1000h bytes   ( 22.6%)
    Internal Data        used    1Eh (    30) of    80h bytes   ( 23.4%)
    External Data        None available

